2026-07-08 00:44:43,203 [Worker-2: Loading available Gradle versions] INFO  o.e.b.c.i.u.g.PublishedGradleVersions - Gradle version information cache is out-of-date. Trying to update.
2026-07-08 00:45:23,415 [Worker-8: Building] INFO  o.e.m.c.i.l.LifecycleMappingFactory - Using org.eclipse.m2e.jdt.JarLifecycleMapping lifecycle mapping for MavenProject: com.pon:ms-auth-server:0.0.1-SNAPSHOT @ F:\MicroserviceWithKubernetAndArgoCD_7_7_2026\MicroServiceWithKubernetsAndArgoCD\ms-auth-server\pom.xml.
2026-07-08 00:45:27,335 [Worker-8: Building] INFO  o.a.m.s.f.DefaultMavenResourcesFiltering - Copying 1 resource from src\main\resources to target\classes
2026-07-08 00:45:27,375 [Worker-8: Building] INFO  o.a.m.s.f.DefaultMavenResourcesFiltering - Copying 0 resource from src\main\resources to target\classes
2026-07-08 00:45:27,390 [Worker-8: Building] INFO  o.a.m.s.f.DefaultMavenResourcesFiltering - skip non existing resourceDirectory F:\MicroserviceWithKubernetAndArgoCD_7_7_2026\MicroServiceWithKubernetsAndArgoCD\ms-auth-server\src\test\resources
2026-07-08 00:45:28,796 [Worker-3: Building] INFO  o.a.m.s.f.DefaultMavenResourcesFiltering - Copying 1 resource from src\main\resources to target\classes
2026-07-08 00:45:28,799 [Worker-3: Building] INFO  o.a.m.s.f.DefaultMavenResourcesFiltering - Copying 0 resource from src\main\resources to target\classes
2026-07-08 00:45:28,805 [Worker-3: Building] INFO  o.a.m.s.f.DefaultMavenResourcesFiltering - skip non existing resourceDirectory F:\MicroserviceWithKubernetAndArgoCD_7_7_2026\MicroServiceWithKubernetsAndArgoCD\ms-auth-server\src\test\resources
2026-07-08 00:45:30,723 [Worker-3: Building] INFO  o.e.m.c.i.l.LifecycleMappingFactory - Using org.eclipse.m2e.jdt.JarLifecycleMapping lifecycle mapping for MavenProject: com.pon:ms-config-server:0.0.1-SNAPSHOT @ F:\MicroserviceWithKubernetAndArgoCD_7_7_2026\MicroServiceWithKubernetsAndArgoCD\ms-config-server\pom.xml.
2026-07-08 00:45:32,792 [Worker-3: Building] INFO  o.a.m.s.f.DefaultMavenResourcesFiltering - Copying 1 resource from src\main\resources to target\classes
2026-07-08 00:45:32,822 [Worker-3: Building] INFO  o.a.m.s.f.DefaultMavenResourcesFiltering - Copying 0 resource from src\main\resources to target\classes
2026-07-08 00:45:32,829 [Worker-3: Building] INFO  o.a.m.s.f.DefaultMavenResourcesFiltering - skip non existing resourceDirectory F:\MicroserviceWithKubernetAndArgoCD_7_7_2026\MicroServiceWithKubernetsAndArgoCD\ms-config-server\src\test\resources
2026-07-08 00:45:33,661 [Worker-2: Building] INFO  o.a.m.s.f.DefaultMavenResourcesFiltering - Copying 1 resource from src\main\resources to target\classes
2026-07-08 00:45:33,663 [Worker-2: Building] INFO  o.a.m.s.f.DefaultMavenResourcesFiltering - Copying 0 resource from src\main\resources to target\classes
2026-07-08 00:45:33,669 [Worker-2: Building] INFO  o.a.m.s.f.DefaultMavenResourcesFiltering - skip non existing resourceDirectory F:\MicroserviceWithKubernetAndArgoCD_7_7_2026\MicroServiceWithKubernetsAndArgoCD\ms-config-server\src\test\resources
2026-07-08 00:45:35,380 [Worker-2: Building] INFO  o.e.m.c.i.l.LifecycleMappingFactory - Using org.eclipse.m2e.jdt.JarLifecycleMapping lifecycle mapping for MavenProject: com.pon:ms-discovery-server:0.0.1-SNAPSHOT @ F:\MicroserviceWithKubernetAndArgoCD_7_7_2026\MicroServiceWithKubernetsAndArgoCD\ms-discovery-server\pom.xml.
2026-07-08 00:45:38,245 [Worker-2: Building] INFO  o.a.m.s.f.DefaultMavenResourcesFiltering - Copying 1 resource from src\main\resources to target\classes
2026-07-08 00:45:38,279 [Worker-2: Building] INFO  o.a.m.s.f.DefaultMavenResourcesFiltering - Copying 0 resource from src\main\resources to target\classes
2026-07-08 00:45:38,297 [Worker-2: Building] INFO  o.a.m.s.f.DefaultMavenResourcesFiltering - skip non existing resourceDirectory F:\MicroserviceWithKubernetAndArgoCD_7_7_2026\MicroServiceWithKubernetsAndArgoCD\ms-discovery-server\src\test\resources
2026-07-08 00:45:39,474 [Worker-10: Building] INFO  o.a.m.s.f.DefaultMavenResourcesFiltering - Copying 1 resource from src\main\resources to target\classes
2026-07-08 00:45:39,476 [Worker-10: Building] INFO  o.a.m.s.f.DefaultMavenResourcesFiltering - Copying 0 resource from src\main\resources to target\classes
2026-07-08 00:45:39,482 [Worker-10: Building] INFO  o.a.m.s.f.DefaultMavenResourcesFiltering - skip non existing resourceDirectory F:\MicroserviceWithKubernetAndArgoCD_7_7_2026\MicroServiceWithKubernetsAndArgoCD\ms-discovery-server\src\test\resources
2026-07-08 00:45:41,367 [Worker-10: Building] INFO  o.e.m.c.i.l.LifecycleMappingFactory - Using org.eclipse.m2e.jdt.JarLifecycleMapping lifecycle mapping for MavenProject: com.pon:ms-gateway:0.0.1-SNAPSHOT @ F:\MicroserviceWithKubernetAndArgoCD_7_7_2026\MicroServiceWithKubernetsAndArgoCD\ms-gateway\pom.xml.
2026-07-08 00:45:43,663 [Worker-10: Building] INFO  o.a.m.s.f.DefaultMavenResourcesFiltering - Copying 1 resource from src\main\resources to target\classes
2026-07-08 00:45:43,746 [Worker-10: Building] INFO  o.a.m.s.f.DefaultMavenResourcesFiltering - Copying 0 resource from src\main\resources to target\classes
2026-07-08 00:45:43,758 [Worker-10: Building] INFO  o.a.m.s.f.DefaultMavenResourcesFiltering - skip non existing resourceDirectory F:\MicroserviceWithKubernetAndArgoCD_7_7_2026\MicroServiceWithKubernetsAndArgoCD\ms-gateway\src\test\resources
2026-07-08 00:45:44,659 [Worker-14: Building] INFO  o.a.m.s.f.DefaultMavenResourcesFiltering - Copying 1 resource from src\main\resources to target\classes
2026-07-08 00:45:44,662 [Worker-14: Building] INFO  o.a.m.s.f.DefaultMavenResourcesFiltering - Copying 0 resource from src\main\resources to target\classes
2026-07-08 00:45:44,667 [Worker-14: Building] INFO  o.a.m.s.f.DefaultMavenResourcesFiltering - skip non existing resourceDirectory F:\MicroserviceWithKubernetAndArgoCD_7_7_2026\MicroServiceWithKubernetsAndArgoCD\ms-gateway\src\test\resources
2026-07-08 00:45:48,511 [Worker-14: Building] INFO  o.e.m.c.i.l.LifecycleMappingFactory - Using org.eclipse.m2e.jdt.JarLifecycleMapping lifecycle mapping for MavenProject: com.pon:ms-notification:0.0.1-SNAPSHOT @ F:\MicroserviceWithKubernetAndArgoCD_7_7_2026\MicroServiceWithKubernetsAndArgoCD\ms-notification\pom.xml.
2026-07-08 00:45:50,893 [Worker-14: Building] INFO  o.a.m.s.f.DefaultMavenResourcesFiltering - Copying 7 resources from src\main\resources to target\classes
2026-07-08 00:45:51,050 [Worker-14: Building] INFO  o.a.m.s.f.DefaultMavenResourcesFiltering - Copying 2 resources from src\main\resources to target\classes
2026-07-08 00:45:51,228 [Worker-14: Building] INFO  o.a.m.s.f.DefaultMavenResourcesFiltering - skip non existing resourceDirectory F:\MicroserviceWithKubernetAndArgoCD_7_7_2026\MicroServiceWithKubernetsAndArgoCD\ms-notification\src\test\resources
2026-07-08 00:45:56,330 [Worker-14: Building] INFO  o.e.m.c.i.l.LifecycleMappingFactory - Using org.eclipse.m2e.jdt.JarLifecycleMapping lifecycle mapping for MavenProject: com.orchestrator:ms-transaction-orchestrator:0.0.1-SNAPSHOT @ F:\MicroserviceWithKubernetAndArgoCD_7_7_2026\MicroServiceWithKubernetsAndArgoCD\ms-transaction-orchestrator\pom.xml.
2026-07-08 00:45:58,251 [Worker-14: Building] INFO  o.a.m.s.f.DefaultMavenResourcesFiltering - Copying 7 resources from src\main\resources to target\classes
2026-07-08 00:45:58,372 [Worker-14: Building] INFO  o.a.m.s.f.DefaultMavenResourcesFiltering - Copying 2 resources from src\main\resources to target\classes
2026-07-08 00:45:58,471 [Worker-14: Building] INFO  o.a.m.s.f.DefaultMavenResourcesFiltering - skip non existing resourceDirectory F:\MicroserviceWithKubernetAndArgoCD_7_7_2026\MicroServiceWithKubernetsAndArgoCD\ms-transaction-orchestrator\src\test\resources
2026-07-08 00:46:00,809 [Worker-14: Building] INFO  o.e.m.c.i.l.LifecycleMappingFactory - Using org.eclipse.m2e.jdt.JarLifecycleMapping lifecycle mapping for MavenProject: com.pon:ms-user:0.0.1-SNAPSHOT @ F:\MicroserviceWithKubernetAndArgoCD_7_7_2026\MicroServiceWithKubernetsAndArgoCD\ms-user\pom.xml.
2026-07-08 00:46:03,095 [Worker-14: Building] INFO  o.a.m.s.f.DefaultMavenResourcesFiltering - Copying 1 resource from src\main\resources to target\classes
2026-07-08 00:46:03,128 [Worker-14: Building] INFO  o.a.m.s.f.DefaultMavenResourcesFiltering - Copying 0 resource from src\main\resources to target\classes
2026-07-08 00:46:03,136 [Worker-14: Building] INFO  o.a.m.s.f.DefaultMavenResourcesFiltering - skip non existing resourceDirectory F:\MicroserviceWithKubernetAndArgoCD_7_7_2026\MicroServiceWithKubernetsAndArgoCD\ms-user\src\test\resources
2026-07-08 00:46:06,651 [Worker-14: Building] INFO  o.e.m.c.i.l.LifecycleMappingFactory - Using org.eclipse.m2e.jdt.JarLifecycleMapping lifecycle mapping for MavenProject: com.pon:ms-wallet:0.0.1-SNAPSHOT @ F:\MicroserviceWithKubernetAndArgoCD_7_7_2026\MicroServiceWithKubernetsAndArgoCD\ms-wallet\pom.xml.
2026-07-08 00:46:08,909 [Worker-14: Building] INFO  o.a.m.s.f.DefaultMavenResourcesFiltering - Copying 7 resources from src\main\resources to target\classes
2026-07-08 00:46:09,729 [Worker-14: Building] INFO  o.a.m.s.f.DefaultMavenResourcesFiltering - Copying 2 resources from src\main\resources to target\classes
2026-07-08 00:46:09,849 [Worker-14: Building] INFO  o.a.m.s.f.DefaultMavenResourcesFiltering - skip non existing resourceDirectory F:\MicroserviceWithKubernetAndArgoCD_7_7_2026\MicroServiceWithKubernetsAndArgoCD\ms-wallet\src\test\resources
2026-07-08 00:46:12,931 [Worker-13: Building] INFO  o.a.m.s.f.DefaultMavenResourcesFiltering - Copying 7 resources from src\main\resources to target\classes
2026-07-08 00:46:12,975 [Worker-13: Building] INFO  o.a.m.s.f.DefaultMavenResourcesFiltering - Copying 2 resources from src\main\resources to target\classes
2026-07-08 00:46:12,983 [Worker-13: Building] INFO  o.a.m.s.f.DefaultMavenResourcesFiltering - skip non existing resourceDirectory F:\MicroserviceWithKubernetAndArgoCD_7_7_2026\MicroServiceWithKubernetsAndArgoCD\ms-notification\src\test\resources
2026-07-08 00:46:15,149 [Worker-13: Building] INFO  o.a.m.s.f.DefaultMavenResourcesFiltering - Copying 7 resources from src\main\resources to target\classes
2026-07-08 00:46:15,544 [Worker-13: Building] INFO  o.a.m.s.f.DefaultMavenResourcesFiltering - Copying 2 resources from src\main\resources to target\classes
2026-07-08 00:46:15,553 [Worker-13: Building] INFO  o.a.m.s.f.DefaultMavenResourcesFiltering - skip non existing resourceDirectory F:\MicroserviceWithKubernetAndArgoCD_7_7_2026\MicroServiceWithKubernetsAndArgoCD\ms-transaction-orchestrator\src\test\resources
2026-07-08 00:46:16,376 [Worker-13: Building] INFO  o.a.m.s.f.DefaultMavenResourcesFiltering - Copying 1 resource from src\main\resources to target\classes
2026-07-08 00:46:16,382 [Worker-13: Building] INFO  o.a.m.s.f.DefaultMavenResourcesFiltering - Copying 0 resource from src\main\resources to target\classes
2026-07-08 00:46:16,387 [Worker-13: Building] INFO  o.a.m.s.f.DefaultMavenResourcesFiltering - skip non existing resourceDirectory F:\MicroserviceWithKubernetAndArgoCD_7_7_2026\MicroServiceWithKubernetsAndArgoCD\ms-user\src\test\resources
2026-07-08 00:46:18,340 [Worker-13: Building] INFO  o.a.m.s.f.DefaultMavenResourcesFiltering - Copying 7 resources from src\main\resources to target\classes
2026-07-08 00:46:18,372 [Worker-13: Building] INFO  o.a.m.s.f.DefaultMavenResourcesFiltering - Copying 2 resources from src\main\resources to target\classes
2026-07-08 00:46:18,385 [Worker-13: Building] INFO  o.a.m.s.f.DefaultMavenResourcesFiltering - skip non existing resourceDirectory F:\MicroserviceWithKubernetAndArgoCD_7_7_2026\MicroServiceWithKubernetsAndArgoCD\ms-wallet\src\test\resources
